2019-02-04 12:22:56 ERROR Parser:36 - org.jsoup.HttpStatusException: HTTP error fetching URL. Status=504, URL=https://akvilonavto.by/catalog/zapasnye_chasti/zapchasti_mtz/mtz_80_mtz_82_mtz_820_mtz_920_mtz_1025_mtz_1221_i_ikh_modifikatsii/34_upravlenie_rulevoe_4/patrubok_85_3407101/
2019-02-04 12:22:56 ERROR Parser:46 - org.jsoup.HttpStatusException: HTTP error fetching URL. Status=504, URL=https://akvilonavto.by/catalog/zapasnye_chasti/zapchasti_mtz/mtz_1523_mtz_2022_mtz_2522_mtz_3022_mtz_3522/16_stseplenie_3/val_2125_1601021/
2019-02-04 12:46:25 ERROR Parser:46 - org.jsoup.HttpStatusException: HTTP error fetching URL. Status=504, URL=https://akvilonavto.by/catalog/zapasnye_chasti/zapchasti_mtz/mtz_80_mtz_82_mtz_820_mtz_920_mtz_1025_mtz_1221_i_ikh_modifikatsii/37_elektrooborudovanie_3/kryshka_70_3723036_01/
2019-02-04 14:02:46 ERROR CreateFile:41 - writing aborted; java.io.NotSerializableException: org.mrhankey.model.Spares
2019-02-10 13:40:46 ERROR Parser:36 - org.jsoup.HttpStatusException: HTTP error fetching URL. Status=500, URL=https://akvilonavto.by/catalog/zapasnye_chasti/zapchasti_mtz/mtz_80_mtz_82_mtz_820_mtz_920_mtz_1025_mtz_1221_i_ikh_modifikatsii/30_os_perednyaya_3/unifitsirovannyy_sharnir_rulevoy_v_sbore_50_3003020_a_a35_32_000_a/
2019-02-10 13:40:46 ERROR Parser:46 - org.jsoup.HttpStatusException: HTTP error fetching URL. Status=500, URL=https://akvilonavto.by/catalog/zapasnye_chasti/zapchasti_mtz/mtz_80_mtz_82_mtz_820_mtz_920_mtz_1025_mtz_1221_i_ikh_modifikatsii/30_os_perednyaya_3/unifitsirovannyy_sharnir_rulevoy_v_sbore_50_3003020_a_a35_32_000_a/
2019-02-10 13:51:27 ERROR Parser:46 - org.jsoup.HttpStatusException: HTTP error fetching URL. Status=504, URL=https://akvilonavto.by/catalog/zapasnye_chasti/zapchasti_mtz/mtz_80_mtz_82_mtz_820_mtz_920_mtz_1025_mtz_1221_i_ikh_modifikatsii/17_mekhanizm_pereklyucheniya_peredach_4/shesternya_1221s_1701054/
2019-02-10 13:51:28 ERROR Parser:46 - org.jsoup.HttpStatusException: HTTP error fetching URL. Status=504, URL=https://akvilonavto.by/catalog/zapasnye_chasti/zapchasti_mtz/mtz_80_mtz_82_mtz_820_mtz_920_mtz_1025_mtz_1221_i_ikh_modifikatsii/46_razdelno_agregatnaya_sistema_dopolnitelnoe_oborudovanie_4/vint_a61_02_101_01/
2019-02-10 13:51:28 ERROR Parser:46 - org.jsoup.HttpStatusException: HTTP error fetching URL. Status=504, URL=https://akvilonavto.by/catalog/zapasnye_chasti/zapchasti_mtz/mtz_80_mtz_82_mtz_820_mtz_920_mtz_1025_mtz_1221_i_ikh_modifikatsii/84_operenie_3/zamok_923_8402410_01/
2019-02-10 13:51:28 ERROR Parser:46 - org.jsoup.HttpStatusException: HTTP error fetching URL. Status=504, URL=https://akvilonavto.by/catalog/zapasnye_chasti/zapchasti_mtz/mtz_80_mtz_82_mtz_820_mtz_920_mtz_1025_mtz_1221_i_ikh_modifikatsii/10_dvigatel_3/kryshka_uplotneniya_260_1002145/
2019-02-10 13:51:43 ERROR Parser:36 - java.net.SocketTimeoutException: Read timed out
2019-02-10 14:30:11 ERROR UtilParser:177 - org.jsoup.HttpStatusException: HTTP error fetching URL. Status=503, URL=https://akvilonavto.by/catalog/zapasnye_chasti/zapchasti_mtz/mtz_80_mtz_82_mtz_820_mtz_920_mtz_1025_mtz_1221_i_ikh_modifikatsii/46_razdelno_agregatnaya_sistema_dopolnitelnoe_oborudovanie_4/?PAGEN_1=2
2019-02-10 14:30:11 ERROR UtilParser:177 - org.jsoup.HttpStatusException: HTTP error fetching URL. Status=503, URL=https://akvilonavto.by/catalog/zapasnye_chasti/zapchasti_mtz/mtz_1523_mtz_2022_mtz_2522_mtz_3022_mtz_3522/16_stseplenie_3/?PAGEN_1=5
2019-02-10 14:30:12 ERROR UtilParser:177 - org.jsoup.HttpStatusException: HTTP error fetching URL. Status=503, URL=https://akvilonavto.by/catalog/zapasnye_chasti/zapchasti_mtz/mtz_80_mtz_82_mtz_820_mtz_920_mtz_1025_mtz_1221_i_ikh_modifikatsii/10_dvigatel_3/?PAGEN_1=11
2019-02-10 14:30:12 ERROR UtilParser:177 - org.jsoup.HttpStatusException: HTTP error fetching URL. Status=503, URL=https://akvilonavto.by/catalog/zapasnye_chasti/zapchasti_mtz/mtz_80_mtz_82_mtz_820_mtz_920_mtz_1025_mtz_1221_i_ikh_modifikatsii/48_datchik_blokirovki_armaturoy/?PAGEN_1=2
2019-02-10 14:30:12 ERROR UtilParser:78 - org.jsoup.HttpStatusException: HTTP error fetching URL. Status=503, URL=https://akvilonavto.by/catalog/zapasnye_chasti/zapchasti_mtz/mtz_80_mtz_82_mtz_820_mtz_920_mtz_1025_mtz_1221_i_ikh_modifikatsii/61_dver_kabiny_2/
2019-02-10 14:30:12 ERROR UtilParser:177 - org.jsoup.HttpStatusException: HTTP error fetching URL. Status=503, URL=https://akvilonavto.by/catalog/zapasnye_chasti/zapchasti_mtz/mtz_1523_mtz_2022_mtz_2522_mtz_3022_mtz_3522/17_mekhanizm_pereklyucheniya_peredach_3/?PAGEN_1=2
2019-02-10 14:30:12 ERROR UtilParser:78 - org.jsoup.HttpStatusException: HTTP error fetching URL. Status=503, URL=https://akvilonavto.by/catalog/zapasnye_chasti/zapchasti_mtz/mtz_1523_mtz_2022_mtz_2522_mtz_3022_mtz_3522/18_korobka_razdatochnaya_1/
2019-02-10 14:30:15 ERROR UtilParser:177 - org.jsoup.HttpStatusException: HTTP error fetching URL. Status=503, URL=https://akvilonavto.by/catalog/zapasnye_chasti/zapchasti_mtz/mtz_1523_mtz_2022_mtz_2522_mtz_3022_mtz_3522/18_korobka_razdatochnaya_1/?PAGEN_1=2
2019-02-10 14:30:16 ERROR UtilParser:177 - org.jsoup.HttpStatusException: HTTP error fetching URL. Status=503, URL=https://akvilonavto.by/catalog/zapasnye_chasti/zapchasti_mtz/mtz_80_mtz_82_mtz_820_mtz_920_mtz_1025_mtz_1221_i_ikh_modifikatsii/11_sistema_pitaniya_4/?PAGEN_1=4
2019-02-10 14:30:16 ERROR UtilParser:177 - org.jsoup.HttpStatusException: HTTP error fetching URL. Status=503, URL=https://akvilonavto.by/catalog/zapasnye_chasti/zapchasti_mtz/mtz_320_mtz_420_mtz_622/24_most_zadniy_3/?PAGEN_1=2
2019-02-10 14:30:16 ERROR UtilParser:78 - org.jsoup.HttpStatusException: HTTP error fetching URL. Status=503, URL=https://akvilonavto.by/catalog/zapasnye_chasti/zapchasti_mtz/mtz_320_mtz_420_mtz_622/27_ustroystvo_sedelnoe_2/
2019-02-10 14:30:17 ERROR UtilParser:177 - org.jsoup.HttpStatusException: HTTP error fetching URL. Status=503, URL=https://akvilonavto.by/catalog/zapasnye_chasti/zapchasti_mtz/mtz_80_mtz_82_mtz_820_mtz_920_mtz_1025_mtz_1221_i_ikh_modifikatsii/12_sistema_vypuska_gazov_2/?PAGEN_1=2
2019-02-10 14:30:17 ERROR UtilParser:78 - org.jsoup.HttpStatusException: HTTP error fetching URL. Status=503, URL=https://akvilonavto.by/catalog/zapasnye_chasti/zapchasti_mtz/mtz_80_mtz_82_mtz_820_mtz_920_mtz_1025_mtz_1221_i_ikh_modifikatsii/13_sistema_okhlazhdeniya_3/
2019-02-10 14:30:18 ERROR UtilParser:177 - org.jsoup.HttpStatusException: HTTP error fetching URL. Status=503, URL=https://akvilonavto.by/catalog/zapasnye_chasti/zapchasti_mtz/mtz_80_mtz_82_mtz_820_mtz_920_mtz_1025_mtz_1221_i_ikh_modifikatsii/67_kabina_traktora_2/?PAGEN_1=5
2019-02-10 14:30:19 ERROR UtilParser:177 - org.jsoup.HttpStatusException: HTTP error fetching URL. Status=503, URL=https://akvilonavto.by/catalog/zapasnye_chasti/zapchasti_mtz/mtz_80_mtz_82_mtz_820_mtz_920_mtz_1025_mtz_1221_i_ikh_modifikatsii/13_sistema_okhlazhdeniya_3/?PAGEN_1=2
2019-02-10 14:30:19 ERROR UtilParser:130 - org.jsoup.HttpStatusException: HTTP error fetching URL. Status=503, URL=https://akvilonavto.by/catalog/zapasnye_chasti/zapchasti_mtz/mtz_1523_mtz_2022_mtz_2522_mtz_3022_mtz_3522/10_dvigatel_2/zapchasti_k_dvigatelyam_detroit/?PAGEN_1=2
2019-02-10 14:30:19 ERROR UtilParser:78 - org.jsoup.HttpStatusException: HTTP error fetching URL. Status=503, URL=https://akvilonavto.by/catalog/zapasnye_chasti/zapchasti_mtz/mtz_80_mtz_82_mtz_820_mtz_920_mtz_1025_mtz_1221_i_ikh_modifikatsii/14_sistema_smazki/
2019-02-10 14:30:21 ERROR UtilParser:177 - org.jsoup.HttpStatusException: HTTP error fetching URL. Status=503, URL=https://akvilonavto.by/catalog/zapasnye_chasti/zapchasti_mtz/mtz_1523_mtz_2022_mtz_2522_mtz_3022_mtz_3522/10_dvigatel_2/zapchasti_k_dvigatelyam_deutz/
2019-02-10 14:30:21 ERROR UtilParser:78 - org.jsoup.HttpStatusException: HTTP error fetching URL. Status=503, URL=https://akvilonavto.by/catalog/zapasnye_chasti/zapchasti_mtz/mtz_1523_mtz_2022_mtz_2522_mtz_3022_mtz_3522/11_sistema_pitaniya_2/
2019-02-10 14:30:22 ERROR UtilParser:177 - org.jsoup.HttpStatusException: HTTP error fetching URL. Status=503, URL=https://akvilonavto.by/catalog/zapasnye_chasti/zapchasti_mtz/mtz_80_mtz_82_mtz_820_mtz_920_mtz_1025_mtz_1221_i_ikh_modifikatsii/14_sistema_smazki/?PAGEN_1=2
2019-02-10 14:30:23 ERROR UtilParser:177 - org.jsoup.HttpStatusException: HTTP error fetching URL. Status=503, URL=https://akvilonavto.by/catalog/zapasnye_chasti/zapchasti_mtz/mtz_80_mtz_82_mtz_820_mtz_920_mtz_1025_mtz_1221_i_ikh_modifikatsii/16_stseplenie_4/?PAGEN_1=2
2019-02-10 14:30:24 ERROR UtilParser:177 - org.jsoup.HttpStatusException: HTTP error fetching URL. Status=503, URL=https://akvilonavto.by/catalog/zapasnye_chasti/zapchasti_mtz/mtz_1523_mtz_2022_mtz_2522_mtz_3022_mtz_3522/11_sistema_pitaniya_2/?PAGEN_1=2
2019-02-10 14:30:24 ERROR UtilParser:78 - org.jsoup.HttpStatusException: HTTP error fetching URL. Status=503, URL=https://akvilonavto.by/catalog/zapasnye_chasti/zapchasti_mtz/mtz_1523_mtz_2022_mtz_2522_mtz_3022_mtz_3522/30_os_perednyaya_2/
2019-02-10 14:30:24 ERROR UtilParser:177 - org.jsoup.HttpStatusException: HTTP error fetching URL. Status=503, URL=https://akvilonavto.by/catalog/zapasnye_chasti/zapchasti_mtz/mtz_80_mtz_82_mtz_820_mtz_920_mtz_1025_mtz_1221_i_ikh_modifikatsii/17_mekhanizm_pereklyucheniya_peredach_4/?PAGEN_1=2
2019-02-10 14:30:24 ERROR UtilParser:78 - org.jsoup.HttpStatusException: HTTP error fetching URL. Status=503, URL=https://akvilonavto.by/catalog/zapasnye_chasti/zapchasti_mtz/mtz_80_mtz_82_mtz_820_mtz_920_mtz_1025_mtz_1221_i_ikh_modifikatsii/18_korobka_razdatochnaya_2/
2019-02-10 14:30:26 ERROR UtilParser:78 - org.jsoup.HttpStatusException: HTTP error fetching URL. Status=503, URL=https://akvilonavto.by/catalog/zapasnye_chasti/zapchasti_mtz/mtz_1523_mtz_2022_mtz_2522_mtz_3022_mtz_3522/31_kolesa_i_stupitsy_3/
2019-02-10 14:30:27 ERROR UtilParser:177 - org.jsoup.HttpStatusException: HTTP error fetching URL. Status=503, URL=https://akvilonavto.by/catalog/zapasnye_chasti/zapchasti_mtz/mtz_80_mtz_82_mtz_820_mtz_920_mtz_1025_mtz_1221_i_ikh_modifikatsii/18_korobka_razdatochnaya_2/?PAGEN_1=2
2019-02-10 14:30:27 ERROR UtilParser:78 - org.jsoup.HttpStatusException: HTTP error fetching URL. Status=503, URL=https://akvilonavto.by/catalog/zapasnye_chasti/zapchasti_mtz/mtz_80_mtz_82_mtz_820_mtz_920_mtz_1025_mtz_1221_i_ikh_modifikatsii/22_peredacha_kardannye/
2019-02-10 14:30:28 ERROR UtilParser:177 - org.jsoup.HttpStatusException: HTTP error fetching URL. Status=503, URL=https://akvilonavto.by/catalog/zapasnye_chasti/zapchasti_mtz/mtz_1523_mtz_2022_mtz_2522_mtz_3022_mtz_3522/31_kolesa_i_stupitsy_3/?PAGEN_1=2
2019-02-10 14:30:28 ERROR UtilParser:78 - org.jsoup.HttpStatusException: HTTP error fetching URL. Status=503, URL=https://akvilonavto.by/catalog/zapasnye_chasti/zapchasti_mtz/mtz_1523_mtz_2022_mtz_2522_mtz_3022_mtz_3522/34_upravlenie_rulevoe_3/
2019-02-10 14:30:30 ERROR UtilParser:177 - org.jsoup.HttpStatusException: HTTP error fetching URL. Status=503, URL=https://akvilonavto.by/catalog/zapasnye_chasti/zapchasti_mtz/mtz_1523_mtz_2022_mtz_2522_mtz_3022_mtz_3522/34_upravlenie_rulevoe_3/?PAGEN_1=2
2019-02-10 14:30:30 ERROR UtilParser:78 - org.jsoup.HttpStatusException: HTTP error fetching URL. Status=503, URL=https://akvilonavto.by/catalog/zapasnye_chasti/zapchasti_mtz/mtz_1523_mtz_2022_mtz_2522_mtz_3022_mtz_3522/35_sistema_tormoznaya_2/
2019-02-10 14:30:30 ERROR UtilParser:177 - org.jsoup.HttpStatusException: HTTP error fetching URL. Status=503, URL=https://akvilonavto.by/catalog/zapasnye_chasti/zapchasti_mtz/mtz_80_mtz_82_mtz_820_mtz_920_mtz_1025_mtz_1221_i_ikh_modifikatsii/22_peredacha_kardannye/?PAGEN_1=2
2019-02-10 14:30:31 ERROR UtilParser:177 - org.jsoup.HttpStatusException: HTTP error fetching URL. Status=503, URL=https://akvilonavto.by/catalog/zapasnye_chasti/zapchasti_mtz/mtz_1523_mtz_2022_mtz_2522_mtz_3022_mtz_3522/67_kabina_traktora_1/?PAGEN_1=2
2019-02-10 14:30:31 ERROR UtilParser:78 - org.jsoup.HttpStatusException: HTTP error fetching URL. Status=503, URL=https://akvilonavto.by/catalog/zapasnye_chasti/zapchasti_mtz/mtz_1523_mtz_2022_mtz_2522_mtz_3022_mtz_3522/68_sidene_voditelya_1/
2019-02-10 14:30:32 ERROR UtilParser:177 - org.jsoup.HttpStatusException: HTTP error fetching URL. Status=503, URL=https://akvilonavto.by/catalog/zapasnye_chasti/zapchasti_mtz/mtz_1523_mtz_2022_mtz_2522_mtz_3022_mtz_3522/35_sistema_tormoznaya_2/?PAGEN_1=2
2019-02-10 14:30:33 ERROR UtilParser:177 - org.jsoup.HttpStatusException: HTTP error fetching URL. Status=503, URL=https://akvilonavto.by/catalog/zapasnye_chasti/zapchasti_mtz/mtz_1523_mtz_2022_mtz_2522_mtz_3022_mtz_3522/37_elektrooborudovanie_2/?PAGEN_1=2
2019-02-10 14:30:34 ERROR UtilParser:177 - org.jsoup.HttpStatusException: HTTP error fetching URL. Status=503, URL=https://akvilonavto.by/catalog/zapasnye_chasti/zapchasti_mtz/mtz_1523_mtz_2022_mtz_2522_mtz_3022_mtz_3522/81_otoplenie_i_ventilyatsiya_2/?PAGEN_1=2
2019-02-10 14:30:35 ERROR UtilParser:78 - org.jsoup.HttpStatusException: HTTP error fetching URL. Status=503, URL=https://akvilonavto.by/catalog/zapasnye_chasti/zapchasti_mtz/mtz_1523_mtz_2022_mtz_2522_mtz_3022_mtz_3522/84_operenie_2/
2019-02-10 14:30:35 ERROR UtilParser:177 - org.jsoup.HttpStatusException: HTTP error fetching URL. Status=503, URL=https://akvilonavto.by/catalog/zapasnye_chasti/zapchasti_mtz/mtz_1523_mtz_2022_mtz_2522_mtz_3022_mtz_3522/23_most_peredniy_2/?PAGEN_1=2
2019-02-10 14:30:35 ERROR UtilParser:177 - org.jsoup.HttpStatusException: HTTP error fetching URL. Status=503, URL=https://akvilonavto.by/catalog/zapasnye_chasti/zapchasti_mtz/mtz_80_mtz_82_mtz_820_mtz_920_mtz_1025_mtz_1221_i_ikh_modifikatsii/35_sistema_tormoznaya_3/?PAGEN_1=16
2019-02-10 14:30:35 ERROR UtilParser:78 - org.jsoup.HttpStatusException: HTTP error fetching URL. Status=503, URL=https://akvilonavto.by/catalog/zapasnye_chasti/zapchasti_mtz/mtz_1523_mtz_2022_mtz_2522_mtz_3022_mtz_3522/24_most_zadniy_2/
2019-02-10 14:30:37 ERROR UtilParser:177 - org.jsoup.HttpStatusException: HTTP error fetching URL. Status=503, URL=https://akvilonavto.by/catalog/zapasnye_chasti/zapchasti_mtz/mtz_1523_mtz_2022_mtz_2522_mtz_3022_mtz_3522/84_operenie_2/?PAGEN_1=2
2019-02-10 14:30:38 ERROR UtilParser:177 - org.jsoup.HttpStatusException: HTTP error fetching URL. Status=503, URL=https://akvilonavto.by/catalog/zapasnye_chasti/zapchasti_mtz/mtz_1523_mtz_2022_mtz_2522_mtz_3022_mtz_3522/24_most_zadniy_2/?PAGEN_1=2
2019-02-10 14:30:38 ERROR UtilParser:78 - org.jsoup.HttpStatusException: HTTP error fetching URL. Status=503, URL=https://akvilonavto.by/catalog/zapasnye_chasti/zapchasti_mtz/mtz_1523_mtz_2022_mtz_2522_mtz_3022_mtz_3522/27_ustroystvo_sedelnoe_1/
2019-02-10 14:30:39 ERROR UtilParser:177 - org.jsoup.HttpStatusException: HTTP error fetching URL. Status=503, URL=https://akvilonavto.by/catalog/zapasnye_chasti/zapchasti_mtz/mtz_1523_mtz_2022_mtz_2522_mtz_3022_mtz_3522/42_korobka_otbora_moshchnosti_3/?PAGEN_1=2
2019-02-10 14:30:40 ERROR UtilParser:177 - org.jsoup.HttpStatusException: HTTP error fetching URL. Status=503, URL=https://akvilonavto.by/catalog/zapasnye_chasti/zapchasti_mtz/mtz_1523_mtz_2022_mtz_2522_mtz_3022_mtz_3522/46_razdelno_agregatnaya_sistema_dopolnitelnoe_oborudovanie_3/?PAGEN_1=2
2019-02-10 14:30:40 ERROR UtilParser:177 - org.jsoup.HttpStatusException: HTTP error fetching URL. Status=503, URL=https://akvilonavto.by/catalog/zapasnye_chasti/zapchasti_mtz/mtz_1523_mtz_2022_mtz_2522_mtz_3022_mtz_3522/27_ustroystvo_sedelnoe_1/?PAGEN_1=2
2019-02-10 14:30:40 ERROR UtilParser:78 - org.jsoup.HttpStatusException: HTTP error fetching URL. Status=503, URL=https://akvilonavto.by/catalog/zapasnye_chasti/zapchasti_mtz/mtz_1523_mtz_2022_mtz_2522_mtz_3022_mtz_3522/61_dver_kabiny_1/
2019-02-10 14:30:41 ERROR UtilParser:177 - org.jsoup.HttpStatusException: HTTP error fetching URL. Status=503, URL=https://akvilonavto.by/catalog/zapasnye_chasti/zapchasti_mtz/mtz_80_mtz_82_mtz_820_mtz_920_mtz_1025_mtz_1221_i_ikh_modifikatsii/37_elektrooborudovanie_3/?PAGEN_1=6
2019-02-10 14:30:43 ERROR UtilParser:177 - org.jsoup.HttpStatusException: HTTP error fetching URL. Status=503, URL=https://akvilonavto.by/catalog/zapasnye_chasti/zapchasti_mtz/mtz_320_mtz_420_mtz_622/42_korobka_otbora_moshchnosti_2/?PAGEN_1=2
2019-02-10 14:30:43 ERROR UtilParser:78 - org.jsoup.HttpStatusException: HTTP error fetching URL. Status=503, URL=https://akvilonavto.by/catalog/zapasnye_chasti/zapchasti_mtz/mtz_320_mtz_420_mtz_622/46_razdelno_agregatnaya_sistema_dopolnitelnoe_oborudovanie_2/
2019-02-10 14:30:46 ERROR UtilParser:177 - org.jsoup.HttpStatusException: HTTP error fetching URL. Status=503, URL=https://akvilonavto.by/catalog/zapasnye_chasti/zapchasti_mtz/mtz_320_mtz_420_mtz_622/46_razdelno_agregatnaya_sistema_dopolnitelnoe_oborudovanie_2/?PAGEN_1=2
2019-02-10 14:30:46 ERROR UtilParser:78 - org.jsoup.HttpStatusException: HTTP error fetching URL. Status=503, URL=https://akvilonavto.by/catalog/zapasnye_chasti/zapchasti_mtz/mtz_320_mtz_420_mtz_622/67_kabina_traktora/
2019-02-10 14:30:48 ERROR UtilParser:177 - org.jsoup.HttpStatusException: HTTP error fetching URL. Status=503, URL=https://akvilonavto.by/catalog/zapasnye_chasti/zapchasti_mtz/mtz_320_mtz_420_mtz_622/67_kabina_traktora/?PAGEN_1=2
2019-02-10 14:30:48 ERROR UtilParser:78 - org.jsoup.HttpStatusException: HTTP error fetching URL. Status=503, URL=https://akvilonavto.by/catalog/zapasnye_chasti/zapchasti_mtz/mtz_320_mtz_420_mtz_622/81_otoplenie_i_ventilyatsiya_1/
2019-02-10 14:30:50 ERROR UtilParser:78 - org.jsoup.HttpStatusException: HTTP error fetching URL. Status=503, URL=https://akvilonavto.by/catalog/zapasnye_chasti/zapchasti_mtz/mtz_320_mtz_420_mtz_622/34_upravlenie_rulevoe_2/
2019-02-10 14:30:52 ERROR UtilParser:78 - org.jsoup.HttpStatusException: HTTP error fetching URL. Status=503, URL=https://akvilonavto.by/catalog/zapasnye_chasti/zapchasti_mtz/mtz_320_mtz_420_mtz_622/35_sistema_tormoznaya_1/
2019-02-10 14:30:52 ERROR UtilParser:177 - org.jsoup.HttpStatusException: HTTP error fetching URL. Status=503, URL=https://akvilonavto.by/catalog/zapasnye_chasti/zapchasti_mtz/mtz_320_mtz_420_mtz_622/84_operenie_1/?PAGEN_1=2
2019-02-10 14:30:52 ERROR UtilParser:78 - org.jsoup.HttpStatusException: HTTP error fetching URL. Status=503, URL=https://akvilonavto.by/catalog/zapasnye_chasti/zapchasti_mtz/mtz_320_mtz_420_mtz_622/11_sistema_pitaniya_3/
2019-02-10 14:30:53 ERROR UtilParser:177 - org.jsoup.HttpStatusException: HTTP error fetching URL. Status=503, URL=https://akvilonavto.by/catalog/zapasnye_chasti/zapchasti_mtz/mtz_320_mtz_420_mtz_622/35_sistema_tormoznaya_1/?PAGEN_1=2
2019-02-10 14:30:54 ERROR UtilParser:177 - org.jsoup.HttpStatusException: HTTP error fetching URL. Status=503, URL=https://akvilonavto.by/catalog/zapasnye_chasti/zapchasti_mtz/mtz_320_mtz_420_mtz_622/11_sistema_pitaniya_3/?PAGEN_1=2
2019-02-10 14:30:55 ERROR UtilParser:78 - org.jsoup.HttpStatusException: HTTP error fetching URL. Status=503, URL=https://akvilonavto.by/catalog/zapasnye_chasti/zapchasti_mtz/mtz_320_mtz_420_mtz_622/10_dvigatel_1/
2019-02-10 14:30:55 ERROR UtilParser:177 - org.jsoup.HttpStatusException: HTTP error fetching URL. Status=503, URL=https://akvilonavto.by/catalog/zapasnye_chasti/zapchasti_mtz/mtz_320_mtz_420_mtz_622/10_dvigatel_1/3ld_mmz/
2019-02-10 14:30:56 ERROR UtilParser:177 - org.jsoup.HttpStatusException: HTTP error fetching URL. Status=503, URL=https://akvilonavto.by/catalog/zapasnye_chasti/zapchasti_mtz/mtz_320_mtz_420_mtz_622/16_stseplenie_2/?PAGEN_1=2
2019-02-10 14:30:56 ERROR UtilParser:78 - org.jsoup.HttpStatusException: HTTP error fetching URL. Status=503, URL=https://akvilonavto.by/catalog/zapasnye_chasti/zapchasti_mtz/mtz_320_mtz_420_mtz_622/17_mekhanizm_pereklyucheniya_peredach_2/
2019-02-10 14:30:57 ERROR UtilParser:177 - org.jsoup.HttpStatusException: HTTP error fetching URL. Status=503, URL=https://akvilonavto.by/catalog/zapasnye_chasti/zapchasti_mtz/mtz_320_mtz_420_mtz_622/13_sistema_okhlazhdeniya_2/?PAGEN_1=2
2019-02-10 14:30:57 ERROR UtilParser:177 - org.jsoup.HttpStatusException: HTTP error fetching URL. Status=503, URL=https://akvilonavto.by/catalog/zapasnye_chasti/zapchasti_mtz/mtz_80_mtz_82_mtz_820_mtz_920_mtz_1025_mtz_1221_i_ikh_modifikatsii/24_most_zadniy_4/?PAGEN_1=2
2019-02-10 14:30:57 ERROR UtilParser:78 - org.jsoup.HttpStatusException: HTTP error fetching URL. Status=503, URL=https://akvilonavto.by/catalog/zapasnye_chasti/zapchasti_mtz/mtz_80_mtz_82_mtz_820_mtz_920_mtz_1025_mtz_1221_i_ikh_modifikatsii/27_ustroystvo_sedelnoe_3/
2019-02-10 14:30:58 ERROR UtilParser:177 - org.jsoup.HttpStatusException: HTTP error fetching URL. Status=503, URL=https://akvilonavto.by/catalog/zapasnye_chasti/zapchasti_mtz/mtz_320_mtz_420_mtz_622/17_mekhanizm_pereklyucheniya_peredach_2/?PAGEN_1=2
2019-02-10 14:30:59 ERROR UtilParser:177 - org.jsoup.HttpStatusException: HTTP error fetching URL. Status=503, URL=https://akvilonavto.by/catalog/zapasnye_chasti/zapchasti_mtz/mtz_80_mtz_82_mtz_820_mtz_920_mtz_1025_mtz_1221_i_ikh_modifikatsii/27_ustroystvo_sedelnoe_3/?PAGEN_1=2
2019-02-10 14:30:59 ERROR UtilParser:78 - org.jsoup.HttpStatusException: HTTP error fetching URL. Status=503, URL=https://akvilonavto.by/catalog/zapasnye_chasti/zapchasti_mtz/mtz_80_mtz_82_mtz_820_mtz_920_mtz_1025_mtz_1221_i_ikh_modifikatsii/28_rama_4/
2019-02-10 14:31:01 ERROR UtilParser:177 - org.jsoup.HttpStatusException: HTTP error fetching URL. Status=503, URL=https://akvilonavto.by/catalog/zapasnye_chasti/zapchasti_mtz/mtz_80_mtz_82_mtz_820_mtz_920_mtz_1025_mtz_1221_i_ikh_modifikatsii/28_rama_4/?PAGEN_1=2
2019-02-10 14:31:02 ERROR UtilParser:177 - org.jsoup.HttpStatusException: HTTP error fetching URL. Status=503, URL=https://akvilonavto.by/catalog/zapasnye_chasti/zapchasti_mtz/mtz_80_mtz_82_mtz_820_mtz_920_mtz_1025_mtz_1221_i_ikh_modifikatsii/30_os_perednyaya_3/?PAGEN_1=2
2019-02-10 14:31:03 ERROR Parser:36 - org.jsoup.HttpStatusException: HTTP error fetching URL. Status=503, URL=https://akvilonavto.by/catalog/zapasnye_chasti/zapchasti_mtz/mtz_80_mtz_82_mtz_820_mtz_920_mtz_1025_mtz_1221_i_ikh_modifikatsii/puskovoy_dvigatel/zapchasti_k_puskovomu_dvigatelyu/shnur_a_d24s14a/
2019-02-10 14:31:03 ERROR Parser:36 - org.jsoup.HttpStatusException: HTTP error fetching URL. Status=503, URL=https://akvilonavto.by/catalog/zapasnye_chasti/zapchasti_mtz/mtz_1523_mtz_2022_mtz_2522_mtz_3022_mtz_3522/16_stseplenie_3/kronshteyn_2823_1601030/
2019-02-10 14:31:03 ERROR Parser:36 - org.jsoup.HttpStatusException: HTTP error fetching URL. Status=503, URL=https://akvilonavto.by/catalog/zapasnye_chasti/zapchasti_mtz/mtz_1523_mtz_2022_mtz_2522_mtz_3022_mtz_3522/13_sistema_okhlazhdeniya_1/kozhukh_2022_1309080/
2019-02-10 14:31:08 ERROR Parser:36 - org.jsoup.HttpStatusException: HTTP error fetching URL. Status=503, URL=https://akvilonavto.by/catalog/zapasnye_chasti/zapchasti_mtz/mtz_1523_mtz_2022_mtz_2522_mtz_3022_mtz_3522/13_sistema_okhlazhdeniya_1/kozhukh_2022_1309081/
2019-02-10 14:31:08 ERROR Parser:36 - org.jsoup.HttpStatusException: HTTP error fetching URL. Status=503, URL=https://akvilonavto.by/catalog/zapasnye_chasti/zapchasti_mtz/mtz_1523_mtz_2022_mtz_2522_mtz_3022_mtz_3522/23_most_peredniy_2/blok_shesteren_z_40_1520_2308062_05/
2019-02-10 14:31:08 ERROR Parser:36 - org.jsoup.HttpStatusException: HTTP error fetching URL. Status=503, URL=https://akvilonavto.by/catalog/zapasnye_chasti/zapchasti_mtz/mtz_1523_mtz_2022_mtz_2522_mtz_3022_mtz_3522/16_stseplenie_3/kronshteyn_2823_1601172/
2019-02-10 14:31:09 ERROR Parser:36 - org.jsoup.HttpStatusException: HTTP error fetching URL. Status=503, URL=https://akvilonavto.by/catalog/zapasnye_chasti/zapchasti_mtz/mtz_80_mtz_82_mtz_820_mtz_920_mtz_1025_mtz_1221_i_ikh_modifikatsii/34_upravlenie_rulevoe_4/vtulka_70_3401076/
2019-02-10 14:31:12 ERROR Parser:36 - org.jsoup.HttpStatusException: HTTP error fetching URL. Status=503, URL=https://akvilonavto.by/catalog/zapasnye_chasti/zapchasti_mtz/mtz_1523_mtz_2022_mtz_2522_mtz_3022_mtz_3522/13_sistema_okhlazhdeniya_1/kozhukh_2522_1309070/
2019-02-10 14:31:13 ERROR Parser:36 - org.jsoup.HttpStatusException: HTTP error fetching URL. Status=503, URL=https://akvilonavto.by/catalog/zapasnye_chasti/zapchasti_mtz/mtz_80_mtz_82_mtz_820_mtz_920_mtz_1025_mtz_1221_i_ikh_modifikatsii/34_upravlenie_rulevoe_4/vtulka_80_3401016/
2019-02-10 14:31:13 ERROR Parser:36 - org.jsoup.HttpStatusException: HTTP error fetching URL. Status=503, URL=https://akvilonavto.by/catalog/zapasnye_chasti/zapchasti_mtz/mtz_1523_mtz_2022_mtz_2522_mtz_3022_mtz_3522/23_most_peredniy_2/blok_shesteren_z_43_1520_2308062_02/
2019-02-10 14:31:13 ERROR Parser:36 - org.jsoup.HttpStatusException: HTTP error fetching URL. Status=503, URL=https://akvilonavto.by/catalog/zapasnye_chasti/zapchasti_mtz/mtz_1523_mtz_2022_mtz_2522_mtz_3022_mtz_3522/16_stseplenie_3/kronshteyn_3022_1601172/
2019-02-10 14:31:16 ERROR Parser:36 - org.jsoup.HttpStatusException: HTTP error fetching URL. Status=503, URL=https://akvilonavto.by/catalog/zapasnye_chasti/zapchasti_mtz/mtz_1523_mtz_2022_mtz_2522_mtz_3022_mtz_3522/13_sistema_okhlazhdeniya_1/kozhukh_3022_1205070_b/
2019-02-10 14:31:17 ERROR Parser:36 - org.jsoup.HttpStatusException: HTTP error fetching URL. Status=503, URL=https://akvilonavto.by/catalog/zapasnye_chasti/zapchasti_mtz/mtz_1523_mtz_2022_mtz_2522_mtz_3022_mtz_3522/23_most_peredniy_2/blok_shesteren_z_44_1520_2308062/
2019-02-10 14:31:17 ERROR Parser:36 - org.jsoup.HttpStatusException: HTTP error fetching URL. Status=503, URL=https://akvilonavto.by/catalog/zapasnye_chasti/zapchasti_mtz/mtz_1523_mtz_2022_mtz_2522_mtz_3022_mtz_3522/16_stseplenie_3/kronshteyn_3522_1601172/
2019-02-10 14:31:18 ERROR Parser:36 - org.jsoup.HttpStatusException: HTTP error fetching URL. Status=503, URL=https://akvilonavto.by/catalog/zapasnye_chasti/zapchasti_mtz/mtz_80_mtz_82_mtz_820_mtz_920_mtz_1025_mtz_1221_i_ikh_modifikatsii/34_upravlenie_rulevoe_4/gayka_40_3405062/
2019-02-10 14:31:20 ERROR Parser:36 - org.jsoup.HttpStatusException: HTTP error fetching URL. Status=503, URL=https://akvilonavto.by/catalog/zapasnye_chasti/zapchasti_mtz/mtz_1523_mtz_2022_mtz_2522_mtz_3022_mtz_3522/13_sistema_okhlazhdeniya_1/koltso_2522_1321167/
2019-02-10 14:31:21 ERROR Parser:36 - org.jsoup.HttpStatusException: HTTP error fetching URL. Status=503, URL=https://akvilonavto.by/catalog/zapasnye_chasti/zapchasti_mtz/mtz_1523_mtz_2022_mtz_2522_mtz_3022_mtz_3522/23_most_peredniy_2/bolt_1521_2308012/
2019-02-10 14:31:21 ERROR Parser:36 - org.jsoup.HttpStatusException: HTTP error fetching URL. Status=503, URL=https://akvilonavto.by/catalog/zapasnye_chasti/zapchasti_mtz/mtz_1523_mtz_2022_mtz_2522_mtz_3022_mtz_3522/16_stseplenie_3/kronshteyn_otvodki_2822dts_1601172/
2019-02-10 14:31:22 ERROR Parser:36 - org.jsoup.HttpStatusException: HTTP error fetching URL. Status=503, URL=https://akvilonavto.by/catalog/zapasnye_chasti/zapchasti_mtz/mtz_1523_mtz_2022_mtz_2522_mtz_3022_mtz_3522/13_sistema_okhlazhdeniya_1/prokladka_radiatora_mtz_1221_pod_5_ti_ryadnuyu_serdtsevinu_dv_d_260_141_1301_114/
2019-02-10 14:31:23 ERROR Parser:36 - org.jsoup.HttpStatusException: HTTP error fetching URL. Status=503, URL=https://akvilonavto.by/catalog/zapasnye_chasti/zapchasti_mtz/mtz_1523_mtz_2022_mtz_2522_mtz_3022_mtz_3522/13_sistema_okhlazhdeniya_1/komplekt_bystrorazemnykh_soedineniy_dlya_konditsionera_brs_81/
2019-02-10 16:09:49 ERROR Parser:36 - java.net.NoRouteToHostException: No route to host: connect
2019-02-10 16:09:49 ERROR Parser:36 - java.net.NoRouteToHostException: No route to host: connect
2019-02-10 16:09:55 ERROR Parser:36 - java.net.SocketTimeoutException: Read timed out
2019-02-10 16:09:56 ERROR Parser:36 - java.net.SocketTimeoutException: Read timed out
2019-02-10 16:43:10 ERROR Parser:36 - java.net.NoRouteToHostException: No route to host: connect
2019-02-10 16:43:10 ERROR Parser:47 - java.net.NoRouteToHostException: No route to host: connect
2019-02-10 16:43:10 ERROR Parser:36 - java.net.NoRouteToHostException: No route to host: connect
2019-02-10 16:43:10 ERROR Parser:47 - java.net.NoRouteToHostException: No route to host: connect
2019-02-10 16:43:10 ERROR Parser:36 - java.net.NoRouteToHostException: No route to host: connect
2019-02-10 16:43:10 ERROR Parser:47 - java.net.NoRouteToHostException: No route to host: connect
2019-02-10 16:43:10 ERROR Parser:36 - java.net.NoRouteToHostException: No route to host: connect
2019-02-10 16:43:10 ERROR Parser:47 - java.net.NoRouteToHostException: No route to host: connect
2019-02-10 16:43:10 ERROR Parser:36 - java.net.NoRouteToHostException: No route to host: connect
2019-02-10 16:43:10 ERROR Parser:47 - java.net.NoRouteToHostException: No route to host: connect
2019-02-10 16:43:10 ERROR Parser:36 - java.net.NoRouteToHostException: No route to host: connect
2019-02-10 16:43:10 ERROR Parser:47 - java.net.NoRouteToHostException: No route to host: connect
2019-02-10 16:43:10 ERROR Parser:36 - java.net.NoRouteToHostException: No route to host: connect
2019-02-10 16:43:10 ERROR Parser:47 - java.net.NoRouteToHostException: No route to host: connect
2019-02-10 16:43:11 ERROR Parser:36 - java.net.NoRouteToHostException: No route to host: connect
2019-02-10 16:43:11 ERROR Parser:47 - java.net.NoRouteToHostException: No route to host: connect
